Aggregating seeds: [123, 42, 456, 7, 789] for split=tune
  assistant_axis       n=5  logit=+0.721 ±0.103  sig 5/5
  devils_advocate      n=5  logit=+0.531 ±0.053  sig 5/5
  contrarian           n=5  logit=+0.806 ±0.058  sig 5/5
  skeptic              n=5  logit=+0.339 ±0.051  sig 5/5
  judge                n=5  logit=+0.514 ±0.068  sig 5/5
  scientist            n=5  logit=+0.562 ±0.090  sig 5/5
  peacekeeper          n=5  logit=+0.809 ±0.473  sig 0/5
  pacifist             n=5  logit=+1.216 ±0.141  sig 1/5
  collaborator         n=5  logit=+1.156 ±0.159  sig 0/5
  facilitator          n=5  logit=+0.301 ±0.033  sig 0/5
  caa                  n=5  logit=+0.149 ±0.026  sig 5/5

Wrote /home/ubuntu/Sycophancy/experiment-main/results/multiseed_aggregate_tune.json
Wrote /home/ubuntu/Sycophancy/experiment-main/results/best_coefs_tune_aggregate.json  (use as --locked-coefs-from for test runs)
Aggregating seeds: [123, 42, 456, 7, 789] for split=test
  WARN: seed 456: missing rates/tests JSONs (split=test)
  WARN: seed 789: missing rates/tests JSONs (split=test)
  assistant_axis       n=3  logit=+0.639 ±0.032  sig 3/3
  devils_advocate      n=3  logit=+0.494 ±0.028  sig 3/3
  contrarian           n=3  logit=+0.729 ±0.007  sig 3/3
  skeptic              n=3  logit=+0.304 ±0.027  sig 3/3
  judge                n=3  logit=+0.458 ±0.013  sig 3/3
  scientist            n=3  logit=+0.506 ±0.005  sig 3/3
  peacekeeper          n=3  logit=+0.963 ±0.018  sig 0/3
  pacifist             n=3  logit=+1.115 ±0.013  sig 1/3
  collaborator         n=3  logit=+1.060 ±0.009  sig 2/3
  facilitator          n=3  logit=+0.288 ±0.019  sig 0/3
  caa                  n=3  logit=+0.135 ±0.014  sig 3/3

Wrote /home/ubuntu/Sycophancy/experiment-main/results/multiseed_aggregate_test.json
  saved /home/ubuntu/Sycophancy/experiment-main/paper/figures/figure_1_bidirectionality.pdf + .png
  saved /home/ubuntu/Sycophancy/experiment-main/paper/tables/figure_1_bidirectionality.csv
  saved /home/ubuntu/Sycophancy/experiment-main/paper/figures/figure_2_caa_headtohead.pdf + .png
  saved /home/ubuntu/Sycophancy/experiment-main/paper/tables/figure_2_caa_headtohead.csv
  saved /home/ubuntu/Sycophancy/experiment-main/paper/figures/figure_3_decomposition.pdf + .png
  saved /home/ubuntu/Sycophancy/experiment-main/paper/tables/figure_3_decomposition.csv
/home/ubuntu/Sycophancy/experiment-main/paper/scripts/_paper_style.py:112: UserWarning: Glyph 10003 (\N{CHECK MARK}) missing from current font.
  fig.tight_layout()
/home/ubuntu/Sycophancy/experiment-main/paper/scripts/_paper_style.py:116: UserWarning: Glyph 10003 (\N{CHECK MARK}) missing from current font.
  fig.savefig(base + ".pdf", dpi=300, bbox_inches="tight")
/home/ubuntu/Sycophancy/experiment-main/paper/scripts/_paper_style.py:117: UserWarning: Glyph 10003 (\N{CHECK MARK}) missing from current font.
  fig.savefig(base + ".png", dpi=300, bbox_inches="tight")
  saved /home/ubuntu/Sycophancy/experiment-main/paper/figures/figure_4_overcorrection_taxonomy.pdf + .png
  saved /home/ubuntu/Sycophancy/experiment-main/paper/tables/figure_4_overcorrection_taxonomy.csv
  saved /home/ubuntu/Sycophancy/experiment-main/paper/figures/figure_5_cosine_heatmap.pdf + .png
/home/ubuntu/Sycophancy/experiment-main/paper/scripts/fig_pca_persona_space.py:81: UserWarning: You passed a edgecolor/edgecolors ('black') for an unfilled marker ('x').  Matplotlib is ignoring the edgecolor in favor of the facecolor.  This behavior may change in the future.
  sc = ax.scatter(coords[i, 0], coords[i, 1], c=col, s=size,
  saved /home/ubuntu/Sycophancy/experiment-main/paper/figures/figure_6_pca_persona_space.pdf + .png
  saved /home/ubuntu/Sycophancy/experiment-main/paper/figures/figure_supp_steering_curves.pdf + .png
  saved /home/ubuntu/Sycophancy/experiment-main/paper/figures/figure_supp_projection_ablation.pdf + .png
  saved /home/ubuntu/Sycophancy/experiment-main/paper/tables/table_supp_projection_ablation.csv
  saved /home/ubuntu/Sycophancy/experiment-main/paper/tables/caa_leakage_receipt.json
  saved /home/ubuntu/Sycophancy/experiment-main/paper/tables/caa_leakage_receipt.csv
OK: zero CAA train/eval overlap by question-text hash.
  saved /home/ubuntu/Sycophancy/experiment-main/paper/tables/table_1_results.csv
  saved /home/ubuntu/Sycophancy/experiment-main/paper/tables/table_1_results.tex

---
$ /usr/bin/python3 /home/ubuntu/Sycophancy/experiment-main/paper/scripts/aggregate_multiseed.py --split tune

---
$ /usr/bin/python3 /home/ubuntu/Sycophancy/experiment-main/paper/scripts/aggregate_multiseed.py --split test

---
$ /usr/bin/python3 /home/ubuntu/Sycophancy/experiment-main/paper/scripts/fig_bidirectionality.py

---
$ /usr/bin/python3 /home/ubuntu/Sycophancy/experiment-main/paper/scripts/fig_caa_headtohead.py

---
$ /usr/bin/python3 /home/ubuntu/Sycophancy/experiment-main/paper/scripts/fig_decomposition.py

---
$ /usr/bin/python3 /home/ubuntu/Sycophancy/experiment-main/paper/scripts/fig_overcorrection_taxonomy.py

---
$ /usr/bin/python3 /home/ubuntu/Sycophancy/experiment-main/paper/scripts/fig_cosine_heatmap.py

---
$ /usr/bin/python3 /home/ubuntu/Sycophancy/experiment-main/paper/scripts/fig_pca_persona_space.py

---
$ /usr/bin/python3 /home/ubuntu/Sycophancy/experiment-main/paper/scripts/fig_steering_curves.py

---
$ /usr/bin/python3 /home/ubuntu/Sycophancy/experiment-main/paper/scripts/projection_ablation.py

---
$ /usr/bin/python3 /home/ubuntu/Sycophancy/experiment-main/paper/scripts/verify_caa_leakage.py

---
$ /usr/bin/python3 /home/ubuntu/Sycophancy/experiment-main/paper/scripts/results_table.py

========================================
Build summary:
  Total steps: 12
  Failed:      0
